\BOOKMARK [1][-]{section.1}{Introduction}{}% 1
\BOOKMARK [2][-]{subsection.1.1}{The cli}{section.1}% 2
\BOOKMARK [2][-]{subsection.1.2}{The cil}{section.1}% 3
\BOOKMARK [2][-]{subsection.1.3}{\043\043\043 TO DO: ZALOZENIA, CEL PRACY I ZAKONCZENIE WSTEPU \043\043\043}{section.1}% 4
\BOOKMARK [1][-]{section.2}{The cil instruction set}{}% 5
\BOOKMARK [2][-]{subsection.2.1}{The global state}{section.2}% 6
\BOOKMARK [2][-]{subsection.2.2}{The evaluation stack}{section.2}% 7
\BOOKMARK [2][-]{subsection.2.3}{Stack transformations}{section.2}% 8
\BOOKMARK [2][-]{subsection.2.4}{Stack values}{section.2}% 9
\BOOKMARK [2][-]{subsection.2.5}{Examples}{section.2}% 10
\BOOKMARK [3][-]{subsubsection.2.5.1}{ldc.i4.0}{subsection.2.5}% 11
\BOOKMARK [3][-]{subsubsection.2.5.2}{\043\043\043 TO DO: PRZYKLADY UZYCIA INNYCH INSTRUKCJI \043\043\043}{subsection.2.5}% 12
\BOOKMARK [1][-]{section.3}{The semantics}{}% 13
\BOOKMARK [2][-]{subsection.3.1}{The global state}{section.3}% 14
\BOOKMARK [2][-]{subsection.3.2}{The execution state}{section.3}% 15
\BOOKMARK [2][-]{subsection.3.3}{The method state}{section.3}% 16
\BOOKMARK [2][-]{subsection.3.4}{The final syntax}{section.3}% 17
\BOOKMARK [2][-]{subsection.3.5}{Instruction pointers}{section.3}% 18
\BOOKMARK [2][-]{subsection.3.6}{Examples}{section.3}% 19
\BOOKMARK [1][-]{section.4}{The interpreter}{}% 20
\BOOKMARK [2][-]{subsection.4.1}{The lexer and the parser}{section.4}% 21
\BOOKMARK [2][-]{subsection.4.2}{Technical background}{section.4}% 22
\BOOKMARK [2][-]{subsection.4.3}{Detection of non-supported features}{section.4}% 23
\BOOKMARK [2][-]{subsection.4.4}{The actual interpreter}{section.4}% 24
\BOOKMARK [3][-]{subsubsection.4.4.1}{The visitor}{subsection.4.4}% 25
\BOOKMARK [2][-]{subsection.4.5}{Examples}{section.4}% 26
\BOOKMARK [3][-]{subsubsection.4.5.1}{ldc.i4.0}{subsection.4.5}% 27
\BOOKMARK [1][-]{section.5}{Testing}{}% 28
\BOOKMARK [1][-]{section.6}{Limitations}{}% 29
